<?xml version="1.0" encoding="utf-8"?><testsuites name="pytest tests"><testsuite name="pytest" errors="0" failures="0" skipped="0" tests="11" time="51.680" timestamp="2026-07-22T13:18:05.141458+00:00" hostname="agent-env-aecda885-9c4f-4362-8890-d7cda47f3461"><testcase classname="tests.test_new_features.TestJobSvgaExport" name="test_export_alpha_webm_with_layer_edits" time="0.801" /><testcase classname="tests.test_new_features.TestLayers" name="test_layers_endpoint_returns_layer_metadata" time="0.181" /><testcase classname="tests.test_new_features.TestLayers" name="test_layers_rejects_garbage" time="0.090" /><testcase classname="tests.test_new_features.TestAlphaVideoSync" name="test_svga_to_alpha_webm" time="0.254" /><testcase classname="tests.test_new_features.TestAlphaVideoSync" name="test_svga_to_alpha_mov" time="0.218" /><testcase classname="tests.test_new_features.TestJobMp4ToSvga" name="test_mp4_to_svga_no_bg_removal" time="2.907" /><testcase classname="tests.test_new_features.TestJobSvgaExport" name="test_export_gif" time="0.317" /><testcase classname="tests.test_new_features.TestJobSvgaExport" name="test_export_mp4" time="0.251" /><testcase classname="tests.test_new_features.TestJobSvgaExport" name="test_bad_job_id_returns_404" time="0.192" /><testcase classname="tests.test_new_features.TestJobMp4ToSvga" name="test_mp4_to_svga_with_bg_removal" time="46.874" /><testcase classname="tests.test_new_features.TestStatsIncrement" name="test_alpha_conversion_bumps_counter" time="0.819" /></testsuite></testsuites>