<?xml version="1.0" encoding="utf-8"?><testsuites name="pytest tests"><testsuite name="pytest" errors="0" failures="0" skipped="0" tests="30" time="5.627" timestamp="2026-07-22T13:19:05.343113+00:00" hostname="agent-env-aecda885-9c4f-4362-8890-d7cda47f3461"><testcase classname="tests.backend_test.TestAuth" name="test_admin_login_returns_token_and_admin_role" time="0.378" /><testcase classname="tests.backend_test.TestConversions" name="test_svga_to_x[svga-to-gif-image/gif]" time="0.376" /><testcase classname="tests.backend_test.TestAuth" name="test_login_invalid_credentials" time="0.346" /><testcase classname="tests.backend_test.TestConversions" name="test_svga_to_x[svga-to-mp4-video/mp4]" time="0.346" /><testcase classname="tests.backend_test.TestConversions" name="test_svga_to_x[svga-to-png-application/zip]" time="0.348" /><testcase classname="tests.backend_test.TestAuth" name="test_auth_me_with_bearer" time="0.409" /><testcase classname="tests.backend_test.TestConversions" name="test_svga_to_x[svga-to-webp-image/webp]" time="0.110" /><testcase classname="tests.backend_test.TestAuth" name="test_auth_me_unauthenticated" time="0.127" /><testcase classname="tests.backend_test.TestConversions" name="test_svga_to_x[svga-to-lottie-application/json]" time="0.115" /><testcase classname="tests.backend_test.TestAuth" name="test_register_creates_user_role" time="0.390" /><testcase classname="tests.backend_test.TestConversions" name="test_svga_to_x[svga-to-json-application/json]" time="0.276" /><testcase classname="tests.backend_test.TestConversions" name="test_unknown_kind_returns_404" time="0.087" /><testcase classname="tests.backend_test.TestAuth" name="test_admin_endpoint_requires_auth" time="0.068" /><testcase classname="tests.backend_test.TestConversions" name="test_gif_to_svga_roundtrip" time="0.402" /><testcase classname="tests.backend_test.TestAuth" name="test_admin_endpoint_forbidden_for_user" time="0.420" /><testcase classname="tests.backend_test.TestConversions" name="test_webp_to_svga_roundtrip" time="0.968" /><testcase classname="tests.backend_test.TestShowcase" name="test_create_showcase_requires_admin" time="0.092" /><testcase classname="tests.backend_test.TestShowcase" name="test_create_showcase_with_admin" time="0.791" /><testcase classname="tests.backend_test.TestShowcase" name="test_list_showcase_public" time="0.086" /><testcase classname="tests.backend_test.TestConversions" name="test_mp4_to_svga_roundtrip" time="0.619" /><testcase classname="tests.backend_test.TestShowcase" name="test_showcase_file_bytes" time="0.530" /><testcase classname="tests.backend_test.TestShowcase" name="test_delete_showcase" time="0.421" /><testcase classname="tests.backend_test.TestFaq" name="test_create_faq_admin" time="0.396" /><testcase classname="tests.backend_test.TestFaq" name="test_list_faq_public" time="0.075" /><testcase classname="tests.backend_test.TestPreview" name="test_preview_info_sample" time="0.127" /><testcase classname="tests.backend_test.TestFaq" name="test_delete_faq" time="0.209" /><testcase classname="tests.backend_test.TestPreview" name="test_preview_info_rejects_garbage" time="0.081" /><testcase classname="tests.backend_test.TestStats" name="test_public_stats_increased" time="0.910" /><testcase classname="tests.backend_test.TestFaq" name="test_faq_admin_requires_auth" time="0.086" /><testcase classname="tests.backend_test.TestStats" name="test_admin_stats" time="0.111" /></testsuite></testsuites>