<?xml version="1.0" encoding="utf-8"?><testsuites name="pytest tests"><testsuite name="pytest" errors="0" failures="0" skipped="0" tests="6" time="5.936" timestamp="2026-06-30T21:12:04.765219+00:00" hostname="agent-env-aecda885-9c4f-4362-8890-d7cda47f3461"><testcase classname="tests.test_bgremove.TestSvgaRegression" name="test_admin_login" time="0.341" /><testcase classname="tests.test_bgremove.TestBgImage" name="test_transparent" time="2.388" /><testcase classname="tests.test_bgremove.TestSvgaRegression" name="test_preview_info" time="2.039" /><testcase classname="tests.test_bgremove.TestBgStats" name="test_stats_has_bg_counters" time="0.079" /><testcase classname="tests.test_bgremove.TestBgImage" name="test_color_mode" time="1.690" /><testcase classname="tests.test_bgremove.TestBgImage" name="test_image_mode_with_background" time="1.414" /></testsuite></testsuites>